###############################################################################
#                                                                             #
#     IAR Assembler V7.30.4.8167/W32 for ARM 21/Feb/2015  15:53:01            #
#     Copyright 1999-2014 IAR Systems AB.                                     #
#                                                                             #
#           Source file   =  C:\Users\Jon\Documents\MO_S_and_T\CpE5170_RT_Systems\Labs\cpe-5170-mote-code\Projects\SimpleMAC\mote_project\EWARM\startup_stm32w108xx.s#
#           List file     =  C:\Users\Jon\Documents\MO_S_and_T\CpE5170_RT_Systems\Labs\cpe-5170-mote-code\Projects\SimpleMAC\mote_project\EWARM\MB_SnT_X2_Mote\List\startup_stm32w108xx.lst#
#           Object file   =  C:\Users\Jon\Documents\MO_S_and_T\CpE5170_RT_Systems\Labs\cpe-5170-mote-code\Projects\SimpleMAC\mote_project\EWARM\MB_SnT_X2_Mote\Obj\startup_stm32w108xx.o#
#           Command line  =  C:\Users\Jon\Documents\MO_S_and_T\CpE5170_RT_Systems\Labs\cpe-5170-mote-code\Projects\SimpleMAC\mote_project\EWARM\startup_stm32w108xx.s #
#                            -OC:\Users\Jon\Documents\MO_S_and_T\CpE5170_RT_Systems\Labs\cpe-5170-mote-code\Projects\SimpleMAC\mote_project\EWARM\MB_SnT_X2_Mote\Obj\ #
#                            -s+ -M<> -w+ -r                                  #
#                            -LC:\Users\Jon\Documents\MO_S_and_T\CpE5170_RT_Systems\Labs\cpe-5170-mote-code\Projects\SimpleMAC\mote_project\EWARM\MB_SnT_X2_Mote\List\ #
#                            -t2 --cpu Cortex-M3 --fpu None                   #
#                                                                             #
###############################################################################

    1                           ;/******************** (C) COPYRIGHT 2012
                                 STMicroelectronics ********************
    2                           ;* File Name          : startup_stm32w108xx.s
    3                           ;* Author             : MCD Application
                                 Team
    4                           ;* Version            : V2.0.1
    5                           ;* Date               : 30-November-2012
    6                           ;* Description        : STM32W108xx RF High
                                 Performance Devices vector  table for
                                 *
    7                           ;*                      EWARM toolchain.
    8                           ;*                      This module performs:
    9                           ;*                      - Set the initial
                                 SP
   10                           ;*                      - Set the initial PC
                                 == __iar_program_start,
   11                           ;*                      - Set the vector table
                                 entries with the exceptions ISR 
   12                           ;*                        address.
   13                           ;*                      After Reset the
                                 Cortex-M3 processor is in Thread mode,
   14                           ;*                      priority is Privileged
                                , and the Stack is set to Main.
   15                           ;*********************************************
                                ***********************************
   16                           ;* THE PRESENT FIRMWARE WHICH IS FOR GUIDANCE
                                 ONLY AIMS AT PROVIDING CUSTOMERS
   17                           ;* WITH CODING INFORMATION REGARDING THEIR
                                 PRODUCTS IN ORDER FOR THEM TO SAVE TIME.
   18                           ;* AS A RESULT, STMICROELECTRONICS SHALL NOT
                                 BE HELD LIABLE FOR ANY DIRECT,
   19                           ;* INDIRECT OR CONSEQUENTIAL DAMAGES WITH
                                 RESPECT TO ANY CLAIMS ARISING FROM THE
   20                           ;* CONTENT OF SUCH FIRMWARE AND/OR THE USE
                                 MADE BY CUSTOMERS OF THE CODING
   21                           ;* INFORMATION CONTAINED HEREIN IN CONNECTION
                                 WITH THEIR PRODUCTS.
   22                           ;*********************************************
                                **********************************/
   23                           ;
   24                           ;
   25                           ; The modules in this file are included in the
                                 libraries, and may be replaced
   26                           ; by any user-defined modules that define the
                                 PUBLIC symbol _program_start or
   27                           ; a user defined start symbol.
   28                           ; To override the cstartup defined in the
                                 library, simply add your modified
   29                           ; version to the workbench project.
   30                           ;
   31                           ; The vector table is normally located at
                                 address 0.
   32                           ; When debugging in RAM, it can be located in
                                 RAM, aligned to at least 2^6.
   33                           ; The name "__vector_table" has special
                                 meaning for C-SPY:
   34                           ; it is where the SP start value is found, and
                                 the NVIC vector
   35                           ; table register (VTOR) is initialized to this
                                 address if != 0.
   36                           ;
   37                           ; Cortex-M version
   38                           ;
   39                           
   40                                   MODULE  ?cstartup
   41                           
   42                                   ;; Forward declaration of sections.
   43                                   SECTION CSTACK:DATA:NOROOT(3)
   44                           
   45                                   SECTION .intvec:CODE:NOROOT(2)
   46                           
   47                                   EXTERN  __iar_program_start
   48                                   ;EXTERN  SystemInit 
   49                                   EXTERN __low_level_init      
                                 
   50                                   PUBLIC  __vector_table
   51                           
   52                                   DATA
   53                           __vector_table
   54    00000000 ........              DCD     sfe(CSTACK)
   55    00000004 ........              DCD     Reset_Handler             ;
  Reset Handler
   56                                   
   57                           
   58    00000008 ........              DCD     NMI_Handler               ; NMI
  Handler
   59    0000000C ........              DCD     HardFault_Handler         ;
  Hard Fault Handler
   60    00000010 ........              DCD     MemManage_Handler         ; MPU
  Fault Handler
   61    00000014 ........              DCD     BusFault_Handler          ; Bus
  Fault Handler
   62    00000018 ........              DCD     UsageFault_Handler        ;
  Usage Fault Handler
   63    0000001C 00000000              DCD     0                         ;
  Reserved
   64    00000020 00000000              DCD     0                         ;
  Reserved
   65    00000024 00000000              DCD     0                         ;
  Reserved
   66    00000028 00000000              DCD     0                         ;
  Reserved
   67    0000002C ........              DCD     SVC_Handler               ;
  SVCall Handler
   68    00000030 ........              DCD     DebugMon_Handler          ;
  Debug Monitor Handler
   69    00000034 00000000              DCD     0                         ;
  Reserved
   70    00000038 ........              DCD     PendSV_Handler            ;
  PendSV Handler
   71    0000003C ........              DCD     SysTick_Handler           ;
  SysTick Handler
   72                           
   73                                    ; External Interrupts           
                                 
   74    00000040 ........              DCD     TIM1_IRQHandler           ;
  Timer 1 Interrupt
   75    00000044 ........              DCD     TIM2_IRQHandler           ;
  Timer 2 Interrupt
   76    00000048 ........              DCD     MNG_IRQHandler            ;
  Management Peripheral Interrupt
   77    0000004C ........              DCD     BASEBAND_IRQHandler       ;
  Base Band Interrupt
   78    00000050 ........              DCD     SLPTIM_IRQHandler         ;
  Sleep Timer Interrupt
   79    00000054 ........              DCD     SC1_IRQHandler            ;
  Serial Controller 1 Interrupt
   80    00000058 ........              DCD     SC2_IRQHandler            ;
  Serial Controller 2 Interrupt
   81    0000005C ........              DCD     SECURITY_IRQHandler       ;
  Security Interrupt
   82    00000060 ........              DCD     MAC_TIM_IRQHandler        ; MAC
  Timer Interrupt
   83    00000064 ........              DCD     MAC_TR_IRQHandler         ; MAC
  Transmit Interrupt
   84    00000068 ........              DCD     MAC_RE_IRQHandler         ; MAC
  Receive Interrupt
   85    0000006C ........              DCD     ADC_IRQHandler            ; ADC
  Interrupt
   86    00000070 ........              DCD     EXTIA_IRQHandler          ;
  EXTIA Interrupt
   87    00000074 ........              DCD     EXTIB_IRQHandler          ;
  EXTIB Interrupt
   88    00000078 ........              DCD     EXTIC_IRQHandler          ;
  EXTIC Interrupt
   89    0000007C ........              DCD     EXTID_IRQHandler          ;
  EXTID Interrupt
   90    00000080 ........              DCD     DEBUG_IRQHandler          ;
  Debug Interrupt        
   91                           ;;;;;;;;;;;;;;;;;;;;;;;;;;;;;;;;;;;;;;;;;;;;;;
                                ;;;;;;
   92                           ;;
   93                           ;; Default interrupt handlers.
   94                           ;;
   95                                   THUMB
   96                           
   97                                   PUBWEAK Reset_Handler
   98                                   SECTION .text:CODE:REORDER:NOROOT(2)
   99                           Reset_Handler
  100                                   ;LDR     R0, =SystemInit
  101                                   ;BLX     R0
  102    00000000 0148                  LDR     R0, =__low_level_init
  103    00000002 8047                  BLX     R0
  104                                   
  105    00000004 0148                  LDR     R0, =__iar_program_start
  106    00000006 0047                  BX      R0
  107                                   
  108                                   PUBWEAK NMI_Handler
  108.1                                  TABLE
  108.2  00000008 ........              Reference on line 102
  108.3  0000000C ........              Reference on line 105
  109                                   SECTION .text:CODE:REORDER:NOROOT(1)
  110                           NMI_Handler
  111    00000000 ........              B NMI_Handler
  112                                   
  113                                   
  114                                   PUBWEAK HardFault_Handler
  115                                   SECTION .text:CODE:REORDER:NOROOT(1)
  116                           HardFault_Handler
  117    00000000 ........              B HardFault_Handler
  118                                   
  119                                   
  120                                   PUBWEAK MemManage_Handler
  121                                   SECTION .text:CODE:REORDER:NOROOT(1)
  122                           MemManage_Handler
  123    00000000 ........              B MemManage_Handler
  124                                   
  125                                           
  126                                   PUBWEAK BusFault_Handler
  127                                   SECTION .text:CODE:REORDER:NOROOT(1)
  128                           BusFault_Handler
  129    00000000 ........              B BusFault_Handler
  130                                   
  131                                   
  132                                   PUBWEAK UsageFault_Handler
  133                                   SECTION .text:CODE:REORDER:NOROOT(1)
  134                           UsageFault_Handler
  135    00000000 ........              B UsageFault_Handler
  136                                   
  137                                   
  138                                   PUBWEAK SVC_Handler
  139                                   SECTION .text:CODE:REORDER:NOROOT(1)
  140                           SVC_Handler
  141    00000000 ........              B SVC_Handler
  142                                   
  143                                   
  144                                   PUBWEAK DebugMon_Handler
  145                                   SECTION .text:CODE:REORDER:NOROOT(1)
  146                           DebugMon_Handler
  147    00000000 ........              B DebugMon_Handler
  148                                   
  149                                   
  150                                   PUBWEAK PendSV_Handler
  151                                   SECTION .text:CODE:REORDER:NOROOT(1)
  152                           PendSV_Handler
  153    00000000 ........              B PendSV_Handler
  154                                   
  155                                   
  156                                   PUBWEAK SysTick_Handler
  157                                   SECTION .text:CODE:REORDER:NOROOT(1)
  158                           SysTick_Handler
  159    00000000 ........              B SysTick_Handler
  160                                   
  161                                   
  162                                   PUBWEAK TIM1_IRQHandler
  163                                   SECTION .text:CODE:REORDER:NOROOT(1)
  164                           TIM1_IRQHandler
  165    00000000 ........              B TIM1_IRQHandler
  166                                   
  167                                   
  168                                   PUBWEAK TIM2_IRQHandler
  169                                   SECTION .text:CODE:REORDER:NOROOT(1)
  170                           TIM2_IRQHandler
  171    00000000 ........              B TIM2_IRQHandler
  172                                   
  173                                   
  174                                   PUBWEAK MNG_IRQHandler
  175                                   SECTION .text:CODE:REORDER:NOROOT(1)
  176                           MNG_IRQHandler
  177    00000000 ........              B MNG_IRQHandler
  178                                   
  179                                   
  180                                   PUBWEAK BASEBAND_IRQHandler
  181                                   SECTION .text:CODE:REORDER:NOROOT(1)
  182                           BASEBAND_IRQHandler
  183    00000000 ........              B BASEBAND_IRQHandler
  184                                   
  185                                   
  186                                   PUBWEAK SLPTIM_IRQHandler
  187                                   SECTION .text:CODE:REORDER:NOROOT(1)
  188                           SLPTIM_IRQHandler
  189    00000000 ........              B SLPTIM_IRQHandler
  190                                   
  191                                   
  192                                   PUBWEAK SC1_IRQHandler
  193                                   SECTION .text:CODE:REORDER:NOROOT(1)
  194                           SC1_IRQHandler
  195    00000000 ........              B SC1_IRQHandler
  196                                   
  197                                   
  198                                   PUBWEAK SC2_IRQHandler
  199                                   SECTION .text:CODE:REORDER:NOROOT(1)
  200                           SC2_IRQHandler
  201    00000000 ........              B SC2_IRQHandler
  202                                   
  203                                   
  204                                   PUBWEAK SECURITY_IRQHandler
  205                                   SECTION .text:CODE:REORDER:NOROOT(1)
  206                           SECURITY_IRQHandler
  207    00000000 ........              B SECURITY_IRQHandler
  208                                   
  209                                   
  210                                   PUBWEAK MAC_TIM_IRQHandler
  211                                   SECTION .text:CODE:REORDER:NOROOT(1)
  212                           MAC_TIM_IRQHandler
  213    00000000 ........              B MAC_TIM_IRQHandler
  214                                   
  215                                   
  216                                   PUBWEAK MAC_TR_IRQHandler
  217                                   SECTION .text:CODE:REORDER:NOROOT(1)
  218                           MAC_TR_IRQHandler
  219    00000000 ........              B MAC_TR_IRQHandler
  220                                   
  221                                   
  222                                   PUBWEAK MAC_RE_IRQHandler
  223                                   SECTION .text:CODE:REORDER:NOROOT(1)
  224                           MAC_RE_IRQHandler
  225    00000000 ........              B MAC_RE_IRQHandler
  226                                   
  227                                   
  228                                   PUBWEAK ADC_IRQHandler
  229                                   SECTION .text:CODE:REORDER:NOROOT(1)
  230                           ADC_IRQHandler
  231    00000000 ........              B ADC_IRQHandler
  232                                   
  233                                   
  234                                   PUBWEAK EXTIA_IRQHandler
  235                                   SECTION .text:CODE:REORDER:NOROOT(1)
  236                           EXTIA_IRQHandler
  237    00000000 ........              B EXTIA_IRQHandler
  238                                   
  239                                   
  240                                   PUBWEAK EXTIB_IRQHandler
  241                                   SECTION .text:CODE:REORDER:NOROOT(1)
  242                           EXTIB_IRQHandler
  243    00000000 ........              B EXTIB_IRQHandler
  244                                   
  245                                   
  246                                   PUBWEAK EXTIC_IRQHandler
  247                                   SECTION .text:CODE:REORDER:NOROOT(1)
  248                           EXTIC_IRQHandler
  249    00000000 ........              B EXTIC_IRQHandler
  250                                   
  251                                   
  252                                   PUBWEAK EXTID_IRQHandler
  253                                   SECTION .text:CODE:REORDER:NOROOT(1)
  254                           EXTID_IRQHandler
  255    00000000 ........              B EXTID_IRQHandler
  256                                   
  257                                   
  258                                   PUBWEAK DEBUG_IRQHandler
  259                                   SECTION .text:CODE:REORDER:NOROOT(1)
  260                           DEBUG_IRQHandler
  261    00000000 ........              B DEBUG_IRQHandler
  262                                   
  263                                   END
##############################
#           CRC:0            #
#        Errors:   0         #
#        Warnings: 0         #
#         Bytes: 252         #
##############################



